2024-09-06 08:32:10,611 - main_logger - INFO - Best score of island 0 increased to 125 with program def priority(node, G, n, s):
    """  
    Returns the priority with which we want to add `node` to independent set.
    """
    return 0.0 


 and scores {'(6, 1)': 8, '(7, 1)': 14, '(8, 1)': 25, '(9, 1)': 42, '(10, 1)': 71, '(11, 1)': 125}
2024-09-06 08:32:10,622 - main_logger - INFO - Best score of island 1 increased to 125 with program def priority(node, G, n, s):
    """  
    Returns the priority with which we want to add `node` to independent set.
    """
    return 0.0 


 and scores {'(6, 1)': 8, '(7, 1)': 14, '(8, 1)': 25, '(9, 1)': 42, '(10, 1)': 71, '(11, 1)': 125}
2024-09-06 08:32:10,632 - main_logger - INFO - Best score of island 2 increased to 125 with program def priority(node, G, n, s):
    """  
    Returns the priority with which we want to add `node` to independent set.
    """
    return 0.0 


 and scores {'(6, 1)': 8, '(7, 1)': 14, '(8, 1)': 25, '(9, 1)': 42, '(10, 1)': 71, '(11, 1)': 125}
2024-09-06 08:32:10,641 - main_logger - INFO - Best score of island 3 increased to 125 with program def priority(node, G, n, s):
    """  
    Returns the priority with which we want to add `node` to independent set.
    """
    return 0.0 


 and scores {'(6, 1)': 8, '(7, 1)': 14, '(8, 1)': 25, '(9, 1)': 42, '(10, 1)': 71, '(11, 1)': 125}
2024-09-06 08:32:10,649 - main_logger - INFO - Best score of island 4 increased to 125 with program def priority(node, G, n, s):
    """  
    Returns the priority with which we want to add `node` to independent set.
    """
    return 0.0 


 and scores {'(6, 1)': 8, '(7, 1)': 14, '(8, 1)': 25, '(9, 1)': 42, '(10, 1)': 71, '(11, 1)': 125}
2024-09-06 08:32:10,658 - main_logger - INFO - Best score of island 5 increased to 125 with program def priority(node, G, n, s):
    """  
    Returns the priority with which we want to add `node` to independent set.
    """
    return 0.0 


 and scores {'(6, 1)': 8, '(7, 1)': 14, '(8, 1)': 25, '(9, 1)': 42, '(10, 1)': 71, '(11, 1)': 125}
2024-09-06 08:32:10,667 - main_logger - INFO - Best score of island 6 increased to 125 with program def priority(node, G, n, s):
    """  
    Returns the priority with which we want to add `node` to independent set.
    """
    return 0.0 


 and scores {'(6, 1)': 8, '(7, 1)': 14, '(8, 1)': 25, '(9, 1)': 42, '(10, 1)': 71, '(11, 1)': 125}
2024-09-06 08:32:10,676 - main_logger - INFO - Best score of island 7 increased to 125 with program def priority(node, G, n, s):
    """  
    Returns the priority with which we want to add `node` to independent set.
    """
    return 0.0 


 and scores {'(6, 1)': 8, '(7, 1)': 14, '(8, 1)': 25, '(9, 1)': 42, '(10, 1)': 71, '(11, 1)': 125}
2024-09-06 08:32:10,684 - main_logger - INFO - Best score of island 8 increased to 125 with program def priority(node, G, n, s):
    """  
    Returns the priority with which we want to add `node` to independent set.
    """
    return 0.0 


 and scores {'(6, 1)': 8, '(7, 1)': 14, '(8, 1)': 25, '(9, 1)': 42, '(10, 1)': 71, '(11, 1)': 125}
2024-09-06 08:32:10,692 - main_logger - INFO - Best score of island 9 increased to 125 with program def priority(node, G, n, s):
    """  
    Returns the priority with which we want to add `node` to independent set.
    """
    return 0.0 


 and scores {'(6, 1)': 8, '(7, 1)': 14, '(8, 1)': 25, '(9, 1)': 42, '(10, 1)': 71, '(11, 1)': 125}
2024-09-06 08:32:11,090 - main_logger - INFO - Prompt is Prompt(code='"""\nFinds large independent set in graph G where nodes are binary strings of length n.\nNodes in G are connected if they share a subsequence of length at least length n-s. \n\nOn every iteration, improve the priority_v1 function over its previous versions above.\nTry to make the code short.\n"""\n\nimport itertools\nimport numpy as np\nimport networkx as nx\n\ndef priority_v0(node, G, n, s):\n    """    \n    Returns the priority with which we want to add `node` to independent set.\n    """\n    return 0.0 \n\ndef priority_v1(node, G, n, s):\n    """Improved version of `priority_v0`."""', version_generated=2, island_id=5, expected_version=0)
